<?xml version="1.0" encoding="UTF-8"?>
<!-- Generated by org.testng.reporters.JUnitReportReporter -->
<testsuite skipped="0" hostname="DESKTOP-CLP44QM" name="Test1.LoginToAppmaker" tests="1" failures="0" timestamp="2020-12-04T14:04:12 IST" time="18.358" errors="0">
  <testcase name="VerifyLoginPage" time="18.358" classname="Test1.LoginToAppmaker"/>
  <system-out/>
</testsuite> <!-- Test1.LoginToAppmaker -->
